  DynamicArray.cpp
C:\Users\Danil\Desktop\ИТМО\Анализ и разработка алгоритмов\DynamicArray\MyArray.h(224,1): warning C4267: инициализация: преобразование из "size_t" в "int"; возможна потеря данных
C:\Users\Danil\Desktop\ИТМО\Анализ и разработка алгоритмов\DynamicArray\MyArray.h(213): message : во время компиляции функции-члена класс шаблон "int MyArray<std::string>::insert(int,const T &)"
          with
          [
              T=std::string
          ]
C:\Users\Danil\Desktop\ИТМО\Анализ и разработка алгоритмов\DynamicArray\DynamicArray.cpp(16): message : выполняется компиляция ссылки на экземпляр шаблон функции "int MyArray<std::string>::insert(int,const T &)"
          with
          [
              T=std::string
          ]
C:\Users\Danil\Desktop\ИТМО\Анализ и разработка алгоритмов\DynamicArray\DynamicArray.cpp(10): message : выполняется компиляция ссылки на экземпляр класс шаблон функции "MyArray<std::string>"
C:\Users\Danil\Desktop\ИТМО\Анализ и разработка алгоритмов\DynamicArray\MyArray.h(207,1): warning C4267: return: преобразование из "size_t" в "int"; возможна потеря данных
C:\Users\Danil\Desktop\ИТМО\Анализ и разработка алгоритмов\DynamicArray\MyArray.h(199): message : во время компиляции функции-члена класс шаблон "int MyArray<std::string>::insert(const T &)"
          with
          [
              T=std::string
          ]
C:\Users\Danil\Desktop\ИТМО\Анализ и разработка алгоритмов\DynamicArray\DynamicArray.cpp(11): message : выполняется компиляция ссылки на экземпляр шаблон функции "int MyArray<std::string>::insert(const T &)"
          with
          [
              T=std::string
          ]
  DynamicArray.vcxproj -> C:\Users\Danil\Desktop\ИТМО\Анализ и разработка алгоритмов\DynamicArray\x64\Debug\DynamicArray.exe
